<?xml version="1.0" encoding="UTF-8"?>
<!-- Generated by org.testng.reporters.JUnitReportReporter -->
<testsuite hostname="LK-KAM" failures="0" tests="1" name="Runner.TestRunner" time="14.232" errors="0" timestamp="11 Aug 2018 16:52:09 GMT" skipped="0">
  <testcase classname="Runner.TestRunner" name="feature" time="14.232"/>
</testsuite> <!-- Runner.TestRunner -->
