<?xml version="1.0" encoding="UTF-8"?>
<!-- Generated by org.testng.reporters.JUnitReportReporter -->
<testsuite skipped="0" hostname="DESKTOP-64N8BTO" name="Runner.TestRunner" tests="1" failures="0" timestamp="24 Nov 2018 17:14:25 GMT" time="54.300" errors="0">
  <testcase name="feature" time="54.300" classname="Runner.TestRunner"/>
</testsuite> <!-- Runner.TestRunner -->
